INFO:sim:172 - Generating IP...
Resolving generics for 'Mvram_x'...
Applying external generics to 'Mvram_x'...
Delivering associated files for 'Mvram_x'...
Delivering EJava files for 'Mvram_x'...
Generating implementation netlist for 'Mvram_x'...
INFO:sim - Pre-processing HDL files for 'Mvram_x'...
Running synthesis for 'Mvram_x'
Running ngcbuild...
Writing VEO instantiation template for 'Mvram_x'...
Writing Verilog behavioral simulation model for 'Mvram_x'...
WARNING:sim - Overwriting existing file
   E:/MF/ipcore_dir/tmp/_cg/Mvram_x/doc/blk_mem_gen_v7_3_vinfo.html with file
   from view xilinx_documentation
Delivered 1 file into directory E:/MF/ipcore_dir/tmp/_cg/Mvram_x
Generating ASY schematic symbol...
INFO:sim:949 - Finished generation of ASY schematic symbol.
Generating SYM schematic symbol for 'Mvram_x'...
Generating metadata file...
Generating ISE project file for 'Mvram_x'...
Generating ISE project...
XCO file found: Mvram_x.xco
XMDF file found: Mvram_x_xmdf.tcl
Adding E:/MF/ipcore_dir/tmp/_cg/Mvram_x.asy -view all -origin_type imported
Adding E:/MF/ipcore_dir/tmp/_cg/Mvram_x.ngc -view all -origin_type created
Checking file "E:/MF/ipcore_dir/tmp/_cg/Mvram_x.ngc" for project device match
...
File "E:/MF/ipcore_dir/tmp/_cg/Mvram_x.ngc" device information matches project
device.
Adding E:/MF/ipcore_dir/tmp/_cg/Mvram_x.sym -view all -origin_type imported
Adding E:/MF/ipcore_dir/tmp/_cg/Mvram_x.v -view all -origin_type created
INFO:HDLCompiler:1845 - Analyzing Verilog file
   "E:/MF/ipcore_dir/tmp/_cg/Mvram_x.v" into library work
INFO:ProjectMgmt - Parsing design hierarchy completed successfully.
Adding E:/MF/ipcore_dir/tmp/_cg/Mvram_x.veo -view all -origin_type imported
INFO:TclTasksC:2116 - The automatic calculation of top has been turned-off.
   Please set the new top explicitly by running the "project set top" command.
   To re-calculate the new top automatically, set the "Auto Implementation Top"
   property to true.
Top level has been set to "/Mvram_x"
Generating README file...
Generating FLIST file...
INFO:sim:948 - Finished FLIST file generation.
Launching README viewer...
Moving files to output directory...
Finished moving files to output directory
Wrote CGP file for project 'Mvram_x'.
