INFO:sim:172 - Generating IP...
Resolving generics for 'Rrom'...
Applying external generics to 'Rrom'...
Delivering associated files for 'Rrom'...
Delivering EJava files for 'Rrom'...
Generating implementation netlist for 'Rrom'...
INFO:sim - Pre-processing HDL files for 'Rrom'...
Running synthesis for 'Rrom'
Running ngcbuild...
Writing VEO instantiation template for 'Rrom'...
Writing Verilog behavioral simulation model for 'Rrom'...
WARNING:sim - Overwriting existing file
   E:/MC/ipcore_dir/tmp/_cg/Rrom/doc/blk_mem_gen_v7_3_vinfo.html with file from
   view xilinx_documentation
Delivered 1 file into directory E:/MC/ipcore_dir/tmp/_cg/Rrom
Generating ASY schematic symbol...
INFO:sim:949 - Finished generation of ASY schematic symbol.
Generating SYM schematic symbol for 'Rrom'...
Generating metadata file...
Regenerating ISE project file for 'Rrom'...
Generating ISE project...
XCO file found: Rrom.xco
XMDF file found: Rrom_xmdf.tcl
Adding E:/MC/ipcore_dir/tmp/_cg/Rrom.asy -view all -origin_type imported
Adding E:/MC/ipcore_dir/tmp/_cg/Rrom.ngc -view all -origin_type created
Checking file "E:/MC/ipcore_dir/tmp/_cg/Rrom.ngc" for project device match ...
File "E:/MC/ipcore_dir/tmp/_cg/Rrom.ngc" device information matches project
device.
Adding E:/MC/ipcore_dir/tmp/_cg/Rrom.sym -view all -origin_type imported
Adding E:/MC/ipcore_dir/tmp/_cg/Rrom.v -view all -origin_type created
INFO:HDLCompiler:1845 - Analyzing Verilog file "E:/MC/ipcore_dir/tmp/_cg/Rrom.v"
   into library work
INFO:ProjectMgmt - Parsing design hierarchy completed successfully.
Adding E:/MC/ipcore_dir/tmp/_cg/Rrom.veo -view all -origin_type imported
INFO:TclTasksC:2116 - The automatic calculation of top has been turned-off.
   Please set the new top explicitly by running the "project set top" command.
   To re-calculate the new top automatically, set the "Auto Implementation Top"
   property to true.
Top level has been set to "/Rrom"
Generating README file...
Generating FLIST file...
INFO:sim:948 - Finished FLIST file generation.
Launching README viewer...
Moving files to output directory...
Finished moving files to output directory
Wrote CGP file for project 'Rrom'.
