Release 14.7 - xst P.20131013 (nt64)
Copyright (c) 1995-2013 Xilinx, Inc.  All rights reserved.
--> Parameter TMPDIR set to xst/projnav.tmp


Total REAL time to Xst completion: 0.00 secs
Total CPU time to Xst completion: 0.09 secs
 
--> Parameter xsthdpdir set to xst


Total REAL time to Xst completion: 0.00 secs
Total CPU time to Xst completion: 0.09 secs
 
--> Reading design: Reconstructor.prj

TABLE OF CONTENTS
  1) Synthesis Options Summary
  2) HDL Parsing
  3) HDL Elaboration
  4) HDL Synthesis
       4.1) HDL Synthesis Report
  5) Advanced HDL Synthesis
       5.1) Advanced HDL Synthesis Report
  6) Low Level Synthesis
  7) Partition Report
  8) Design Summary
       8.1) Primitive and Black Box Usage
       8.2) Device utilization summary
       8.3) Partition Resource Summary
       8.4) Timing Report
            8.4.1) Clock Information
            8.4.2) Asynchronous Control Signals Information
            8.4.3) Timing Summary
            8.4.4) Timing Details
            8.4.5) Cross Clock Domains Report


=========================================================================
*                      Synthesis Options Summary                        *
=========================================================================
---- Source Parameters
Input File Name                    : "Reconstructor.prj"
Ignore Synthesis Constraint File   : NO

---- Target Parameters
Output File Name                   : "Reconstructor"
Output Format                      : NGC
Target Device                      : xc7vx330t-3-ffg1157

---- Source Options
Top Module Name                    : Reconstructor
Automatic FSM Extraction           : YES
FSM Encoding Algorithm             : Auto
Safe Implementation                : No
FSM Style                          : LUT
RAM Extraction                     : Yes
RAM Style                          : Auto
ROM Extraction                     : Yes
Shift Register Extraction          : YES
ROM Style                          : Auto
Resource Sharing                   : YES
Asynchronous To Synchronous        : NO
Shift Register Minimum Size        : 2
Use DSP Block                      : Auto
Automatic Register Balancing       : No

---- Target Options
LUT Combining                      : Auto
Reduce Control Sets                : Auto
Add IO Buffers                     : YES
Global Maximum Fanout              : 100000
Add Generic Clock Buffer(BUFG)     : 32
Register Duplication               : YES
Optimize Instantiated Primitives   : NO
Use Clock Enable                   : Auto
Use Synchronous Set                : Auto
Use Synchronous Reset              : Auto
Pack IO Registers into IOBs        : Auto
Equivalent register Removal        : YES

---- General Options
Optimization Goal                  : Speed
Optimization Effort                : 1
Power Reduction                    : NO
Keep Hierarchy                     : No
Netlist Hierarchy                  : As_Optimized
RTL Output                         : Yes
Global Optimization                : AllClockNets
Read Cores                         : YES
Write Timing Constraints           : NO
Cross Clock Analysis               : NO
Hierarchy Separator                : /
Bus Delimiter                      : <>
Case Specifier                     : Maintain
Slice Utilization Ratio            : 100
BRAM Utilization Ratio             : 100
DSP48 Utilization Ratio            : 100
Auto BRAM Packing                  : NO
Slice Utilization Ratio Delta      : 5

=========================================================================


=========================================================================
*                          HDL Parsing                                  *
=========================================================================
Analyzing Verilog file "E:\PBMVE\opPBMVE.v" into library work
Parsing module <Reconstructor>.

=========================================================================
*                            HDL Elaboration                            *
=========================================================================

Elaborating module <Reconstructor>.
WARNING:HDLCompiler:413 - "E:\PBMVE\opPBMVE.v" Line 158: Result of 29-bit expression is truncated to fit in 8-bit target.
WARNING:HDLCompiler:413 - "E:\PBMVE\opPBMVE.v" Line 179: Result of 29-bit expression is truncated to fit in 8-bit target.
WARNING:HDLCompiler:413 - "E:\PBMVE\opPBMVE.v" Line 165: Result of 29-bit expression is truncated to fit in 8-bit target.
WARNING:HDLCompiler:413 - "E:\PBMVE\opPBMVE.v" Line 172: Result of 29-bit expression is truncated to fit in 8-bit target.
WARNING:HDLCompiler:634 - "E:\PBMVE\opPBMVE.v" Line 59: Net <Com_fin> does not have a driver.
WARNING:HDLCompiler:634 - "E:\PBMVE\opPBMVE.v" Line 60: Net <Type_fin> does not have a driver.

=========================================================================
*                           HDL Synthesis                               *
=========================================================================

Synthesizing Unit <Reconstructor>.
    Related source file is "E:\PBMVE\opPBMVE.v".
        idle = 3'b000
        waiting = 3'b001
        bgen = 3'b010
        ogen = 3'b011
        comset = 3'b100
WARNING:Xst:647 - Input <height> is never used. This port will be preserved and left unconnected if it belongs to a top-level block or it belongs to a sub-block and the hierarchy of this sub-block is preserved.
WARNING:Xst:647 - Input <width> is never used. This port will be preserved and left unconnected if it belongs to a top-level block or it belongs to a sub-block and the hierarchy of this sub-block is preserved.
WARNING:Xst:647 - Input <mv_x> is never used. This port will be preserved and left unconnected if it belongs to a top-level block or it belongs to a sub-block and the hierarchy of this sub-block is preserved.
WARNING:Xst:647 - Input <addr_x> is never used. This port will be preserved and left unconnected if it belongs to a top-level block or it belongs to a sub-block and the hierarchy of this sub-block is preserved.
WARNING:Xst:647 - Input <mv_y> is never used. This port will be preserved and left unconnected if it belongs to a top-level block or it belongs to a sub-block and the hierarchy of this sub-block is preserved.
WARNING:Xst:647 - Input <addr_y> is never used. This port will be preserved and left unconnected if it belongs to a top-level block or it belongs to a sub-block and the hierarchy of this sub-block is preserved.
WARNING:Xst:647 - Input <data_type> is never used. This port will be preserved and left unconnected if it belongs to a top-level block or it belongs to a sub-block and the hierarchy of this sub-block is preserved.
WARNING:Xst:647 - Input <pdi> is never used. This port will be preserved and left unconnected if it belongs to a top-level block or it belongs to a sub-block and the hierarchy of this sub-block is preserved.
WARNING:Xst:647 - Input <SLowCLK> is never used. This port will be preserved and left unconnected if it belongs to a top-level block or it belongs to a sub-block and the hierarchy of this sub-block is preserved.
WARNING:Xst:653 - Signal <Com_fin> is used but never assigned. This sourceless signal will be automatically connected to value GND.
WARNING:Xst:653 - Signal <Type_fin> is used but never assigned. This sourceless signal will be automatically connected to value GND.
    Found 3-bit register for signal <state>.
    Found 1-bit register for signal <Blo_fin>.
    Found 1-bit register for signal <c0>.
    Found 8x2-bit Read Only RAM for signal <_n0104>
WARNING:Xst:737 - Found 1-bit latch for signal <Nxt_block_sig>. Latches may be generated from incomplete case or if statements. We do not recommend the use of latches in FPGA/CPLD designs, as they may lead to timing problems.
WARNING:Xst:737 - Found 1-bit latch for signal <next_state<2>>. Latches may be generated from incomplete case or if statements. We do not recommend the use of latches in FPGA/CPLD designs, as they may lead to timing problems.
WARNING:Xst:737 - Found 1-bit latch for signal <next_state<1>>. Latches may be generated from incomplete case or if statements. We do not recommend the use of latches in FPGA/CPLD designs, as they may lead to timing problems.
WARNING:Xst:737 - Found 1-bit latch for signal <next_state<0>>. Latches may be generated from incomplete case or if statements. We do not recommend the use of latches in FPGA/CPLD designs, as they may lead to timing problems.
    Summary:
	inferred   1 RAM(s).
	inferred   5 D-type flip-flop(s).
	inferred   4 Latch(s).
	inferred   6 Multiplexer(s).
Unit <Reconstructor> synthesized.

=========================================================================
HDL Synthesis Report

Macro Statistics
# RAMs                                                 : 1
 8x2-bit single-port Read Only RAM                     : 1
# Registers                                            : 3
 1-bit register                                        : 2
 3-bit register                                        : 1
# Latches                                              : 4
 1-bit latch                                           : 4
# Multiplexers                                         : 6
 1-bit 2-to-1 multiplexer                              : 6

=========================================================================

=========================================================================
*                       Advanced HDL Synthesis                          *
=========================================================================


Synthesizing (advanced) Unit <Reconstructor>.
INFO:Xst:3218 - HDL ADVISOR - The RAM <Mram__n0104> will be implemented on LUTs either because you have described an asynchronous read or because of currently unsupported block RAM features. If you have described an asynchronous read, making it synchronous would allow you to take advantage of available block RAM resources, for optimized device usage and improved timings. Please refer to your documentation for coding guidelines.
    -----------------------------------------------------------------------
    | ram_type           | Distributed                         |          |
    -----------------------------------------------------------------------
    | Port A                                                              |
    |     aspect ratio   | 8-word x 2-bit                      |          |
    |     weA            | connected to signal <GND>           | high     |
    |     addrA          | connected to signal <state>         |          |
    |     diA            | connected to signal <GND>           |          |
    |     doA            | connected to internal node          |          |
    -----------------------------------------------------------------------
Unit <Reconstructor> synthesized (advanced).

=========================================================================
Advanced HDL Synthesis Report

Macro Statistics
# RAMs                                                 : 1
 8x2-bit single-port distributed Read Only RAM         : 1
# Registers                                            : 5
 Flip-Flops                                            : 5
# Multiplexers                                         : 6
 1-bit 2-to-1 multiplexer                              : 6

=========================================================================

=========================================================================
*                         Low Level Synthesis                           *
=========================================================================
INFO:Xst:2261 - The FF/Latch <Blo_fin> in Unit <Reconstructor> is equivalent to the following FF/Latch, which will be removed : <c0> 

Optimizing unit <Reconstructor> ...

Mapping all equations...
Building and optimizing final netlist ...
Found area constraint ratio of 100 (+ 5) on block Reconstructor, actual ratio is 0.

Final Macro Processing ...

=========================================================================
Final Register Report

Macro Statistics
# Registers                                            : 4
 Flip-Flops                                            : 4

=========================================================================

=========================================================================
*                           Partition Report                            *
=========================================================================

Partition Implementation Status
-------------------------------

  No Partitions were found in this design.

-------------------------------

=========================================================================
*                            Design Summary                             *
=========================================================================

Top Level Output File Name         : Reconstructor.ngc

Primitive and Black Box Usage:
------------------------------
# BELS                             : 6
#      LUT3                        : 2
#      LUT4                        : 3
#      LUT6                        : 1
# FlipFlops/Latches                : 8
#      FD                          : 1
#      FDC                         : 3
#      LD                          : 4
# Clock Buffers                    : 1
#      BUFGP                       : 1
# IO Buffers                       : 4
#      IBUF                        : 3
#      OBUF                        : 1

Device utilization summary:
---------------------------

Selected Device : 7vx330tffg1157-3 


Slice Logic Utilization: 
 Number of Slice Registers:               7  out of  408000     0%  
 Number of Slice LUTs:                    6  out of  204000     0%  
    Number used as Logic:                 6  out of  204000     0%  

Slice Logic Distribution: 
 Number of LUT Flip Flop pairs used:     13
   Number with an unused Flip Flop:       6  out of     13    46%  
   Number with an unused LUT:             7  out of     13    53%  
   Number of fully used LUT-FF pairs:     0  out of     13     0%  
   Number of unique control sets:         3

IO Utilization: 
 Number of IOs:                         120
 Number of bonded IOBs:                   5  out of    600     0%  
    IOB Flip Flops/Latches:               1

Specific Feature Utilization:
 Number of BUFG/BUFGCTRLs:                1  out of     32     3%  

---------------------------
Partition Resource Summary:
---------------------------

  No Partitions were found in this design.

---------------------------


=========================================================================
Timing Report

NOTE: THESE TIMING NUMBERS ARE ONLY A SYNTHESIS ESTIMATE.
      FOR ACCURATE TIMING INFORMATION PLEASE REFER TO THE TRACE REPORT
      GENERATED AFTER PLACE-and-ROUTE.

Clock Information:
------------------
-----------------------------------+------------------------+-------+
Clock Signal                       | Clock buffer(FF name)  | Load  |
-----------------------------------+------------------------+-------+
Mram__n01041(Mram__n0104111:O)     | NONE(*)(next_state_0)  | 4     |
CLK                                | BUFGP                  | 4     |
-----------------------------------+------------------------+-------+
(*) This 1 clock signal(s) are generated by combinatorial logic,
and XST is not able to identify which are the primary clock signals.
Please use the CLOCK_SIGNAL constraint to specify the clock signal(s) generated by combinatorial logic.
INFO:Xst:2169 - HDL ADVISOR - Some clock signals were not automatically buffered by XST with BUFG/BUFR resources. Please use the buffer_type constraint in order to insert these buffers to the clock signals to help prevent skew problems.

Asynchronous Control Signals Information:
----------------------------------------
No asynchronous control signals found in this design

Timing Summary:
---------------
Speed Grade: -3

   Minimum period: 0.735ns (Maximum Frequency: 1359.619MHz)
   Minimum input arrival time before clock: 0.544ns
   Maximum output required time after clock: 0.605ns
   Maximum combinational path delay: No path found

Timing Details:
---------------
All values displayed in nanoseconds (ns)

=========================================================================
Timing constraint: Default period analysis for Clock 'CLK'
  Clock period: 0.735ns (frequency: 1359.619MHz)
  Total number of paths / destination ports: 4 / 1
-------------------------------------------------------------------------
Delay:               0.735ns (Levels of Logic = 1)
  Source:            Blo_fin (FF)
  Destination:       Blo_fin (FF)
  Source Clock:      CLK rising
  Destination Clock: CLK rising

  Data Path: Blo_fin to Blo_fin
                                Gate     Net
    Cell:in->out      fanout   Delay   Delay  Logical Name (Net Name)
    ----------------------------------------  ------------
     FD:C->Q               2   0.232   0.461  Blo_fin (Blo_fin)
     LUT4:I0->O            1   0.043   0.000  Blo_fin_rstpot (Blo_fin_rstpot)
     FD:D                     -0.001          Blo_fin
    ----------------------------------------
    Total                      0.735ns (0.275ns logic, 0.461ns route)
                                       (37.4% logic, 62.6% route)

=========================================================================
Timing constraint: Default OFFSET IN BEFORE for Clock 'Mram__n01041'
  Total number of paths / destination ports: 4 / 3
-------------------------------------------------------------------------
Offset:              0.509ns (Levels of Logic = 2)
  Source:            Vector_sig (PAD)
  Destination:       Nxt_block_sig (LATCH)
  Destination Clock: Mram__n01041 falling

  Data Path: Vector_sig to Nxt_block_sig
                                Gate     Net
    Cell:in->out      fanout   Delay   Delay  Logical Name (Net Name)
    ----------------------------------------  ------------
     IBUF:I->O             3   0.000   0.466  Vector_sig_IBUF (Vector_sig_IBUF)
     LUT4:I0->O            1   0.043   0.000  Mmux_state[2]_block_sig_Mux_7_o11 (state[2]_block_sig_Mux_7_o)
     LD:D                     -0.035          Nxt_block_sig
    ----------------------------------------
    Total                      0.509ns (0.043ns logic, 0.466ns route)
                                       (8.4% logic, 91.6% route)

=========================================================================
Timing constraint: Default OFFSET IN BEFORE for Clock 'CLK'
  Total number of paths / destination ports: 3 / 3
-------------------------------------------------------------------------
Offset:              0.544ns (Levels of Logic = 1)
  Source:            reset (PAD)
  Destination:       state_0 (FF)
  Destination Clock: CLK rising

  Data Path: reset to state_0
                                Gate     Net
    Cell:in->out      fanout   Delay   Delay  Logical Name (Net Name)
    ----------------------------------------  ------------
     IBUF:I->O             3   0.000   0.289  reset_IBUF (reset_IBUF)
     FDC:CLR                   0.255          state_0
    ----------------------------------------
    Total                      0.544ns (0.255ns logic, 0.289ns route)
                                       (46.9% logic, 53.1% route)

=========================================================================
Timing constraint: Default OFFSET OUT AFTER for Clock 'Mram__n01041'
  Total number of paths / destination ports: 1 / 1
-------------------------------------------------------------------------
Offset:              0.605ns (Levels of Logic = 1)
  Source:            Nxt_block_sig (LATCH)
  Destination:       Nxt_block_sig (PAD)
  Source Clock:      Mram__n01041 falling

  Data Path: Nxt_block_sig to Nxt_block_sig
                                Gate     Net
    Cell:in->out      fanout   Delay   Delay  Logical Name (Net Name)
    ----------------------------------------  ------------
     LD:G->Q               1   0.326   0.279  Nxt_block_sig (Nxt_block_sig_OBUF)
     OBUF:I->O                 0.000          Nxt_block_sig_OBUF (Nxt_block_sig)
    ----------------------------------------
    Total                      0.605ns (0.326ns logic, 0.279ns route)
                                       (53.9% logic, 46.1% route)

=========================================================================

Cross Clock Domains Report:
--------------------------

Clock to Setup on destination clock CLK
---------------+---------+---------+---------+---------+
               | Src:Rise| Src:Fall| Src:Rise| Src:Fall|
Source Clock   |Dest:Rise|Dest:Rise|Dest:Fall|Dest:Fall|
---------------+---------+---------+---------+---------+
CLK            |    0.735|         |         |         |
Mram__n01041   |         |    0.605|         |         |
---------------+---------+---------+---------+---------+

Clock to Setup on destination clock Mram__n01041
---------------+---------+---------+---------+---------+
               | Src:Rise| Src:Fall| Src:Rise| Src:Fall|
Source Clock   |Dest:Rise|Dest:Rise|Dest:Fall|Dest:Fall|
---------------+---------+---------+---------+---------+
CLK            |         |         |    0.848|         |
---------------+---------+---------+---------+---------+

=========================================================================


Total REAL time to Xst completion: 12.00 secs
Total CPU time to Xst completion: 12.30 secs
 
--> 

Total memory usage is 449056 kilobytes

Number of errors   :    0 (   0 filtered)
Number of warnings :   21 (   0 filtered)
Number of infos    :    3 (   0 filtered)

