Running: D:\Xilinx\14.7\ISE_DS\ISE\bin\nt64\unwrapped\fuse.exe -intstyle ise -incremental -lib unisims_ver -lib unimacro_ver -lib xilinxcorelib_ver -lib secureip -o E:/MF/test_mf_isim_beh.exe -prj E:/MF/test_mf_beh.prj work.test_mf work.glbl 
ISim P.20131013 (signature 0x7708f090)
Number of CPUs detected in this system: 4
Turning on mult-threading, number of parallel sub-compilation jobs: 8 
Determining compilation order of HDL files
Analyzing Verilog file "E:/MF/MedianFilter.v" into library work
Analyzing Verilog file "E:/MF/ipcore_dir/Mvram_x.v" into library work
Analyzing Verilog file "E:/MF/top_testMF.v" into library work
Analyzing Verilog file "E:/MF/test_mf.v" into library work
Analyzing Verilog file "D:/Xilinx/14.7/ISE_DS/ISE//verilog/src/glbl.v" into library work
Starting static elaboration
Completed static elaboration
Compiling module MedianFilter
Compiling module BLK_MEM_GEN_V7_3_output_stage(C_...
Compiling module BLK_MEM_GEN_V7_3_softecc_output_...
Compiling module BLK_MEM_GEN_V7_3_mem_module(C_CO...
Compiling module BLK_MEM_GEN_V7_3(C_FAMILY="virte...
Compiling module Mvram_x
Compiling module top_testMF
Compiling module test_mf
Compiling module glbl
Time Resolution for simulation is 1ps.
Waiting for 2 sub-compilation(s) to finish...
Compiled 9 Verilog Units
Built simulation executable E:/MF/test_mf_isim_beh.exe
Fuse Memory Usage: 33636 KB
Fuse CPU Usage: 702 ms
